type=USER_AUTH msg=audit(1517805130.002:316): pid=4049 uid=0 auid=1000 ses=4 subj=unconfined_u:unconfined_r:unconfined_t:s0-s0:c0.c1023 msg='op=PAM:authentication grantors=pam_rootok acct="root" exe="/usr/bin/su" hostname=blackbox addr=? terminal=pts/0 res=success'
type=USER_ACCT msg=audit(1517805130.002:317): pid=4049 uid=0 auid=1000 ses=4 subj=unconfined_u:unconfined_r:unconfined_t:s0-s0:c0.c1023 msg='op=PAM:accounting grantors=pam_succeed_if acct="root" exe="/usr/bin/su" hostname=blackbox addr=? terminal=pts/0 res=success'
type=CRED_ACQ msg=audit(1517805130.003:318): pid=4049 uid=0 auid=1000 ses=4 subj=unconfined_u:unconfined_r:unconfined_t:s0-s0:c0.c1023 msg='op=PAM:setcred grantors=pam_rootok acct="root" exe="/usr/bin/su" hostname=blackbox addr=? terminal=pts/0 res=success'
type=USER_ACCT msg=audit(1517805130.033:319): pid=4051 uid=0 auid=4294967295 ses=4294967295 subj=system_u:system_r:init_t:s0 msg='op=PAM:accounting grantors=pam_unix,pam_localuser acct="root" exe="/usr/lib/systemd/systemd" hostname=? addr=? terminal=? res=success'
type=USER_ROLE_CHANGE msg=audit(1517805130.054:320): pid=4051 uid=0 auid=4294967295 ses=4294967295 subj=system_u:system_r:init_t:s0 msg='pam: default-context=unconfined_u:unconfined_r:unconfined_t:s0-s0:c0.c1023 selected-context=unconfined_u:unconfined_r:unconfined_t:s0-s0:c0.c1023 exe="/usr/lib/systemd/systemd" hostname=? addr=? terminal=? res=success'
type=LOGIN msg=audit(1517805130.054:321): pid=4051 uid=0 subj=system_u:system_r:init_t:s0 old-auid=4294967295 auid=0 tty=(none) old-ses=4294967295 ses=5 res=1
type=USER_START msg=audit(1517805130.054:322): pid=4051 uid=0 auid=0 ses=5 subj=system_u:system_r:init_t:s0 msg='op=PAM:session_open grantors=pam_selinux,pam_selinux,pam_loginuid,pam_keyinit,pam_limits,pam_systemd,pam_unix acct="root" exe="/usr/lib/systemd/systemd" hostname=? addr=? terminal=? res=success'
type=SERVICE_START msg=audit(1517805130.086:323): pid=1 uid=0 auid=4294967295 ses=4294967295 subj=system_u:system_r:init_t:s0 msg='unit=user@0 comm="systemd" exe="/usr/lib/systemd/systemd" hostname=? addr=? terminal=? res=success'
type=USER_START msg=audit(1517805130.096:324): pid=4049 uid=0 auid=1000 ses=4 subj=unconfined_u:unconfined_r:unconfined_t:s0-s0:c0.c1023 msg='op=PAM:session_open grantors=pam_keyinit,pam_keyinit,pam_limits,pam_systemd,pam_unix,pam_ecryptfs,pam_xauth acct="root" exe="/usr/bin/su" hostname=blackbox addr=? terminal=pts/0 res=success'
type=SERVICE_STOP msg=audit(1517805147.770:325): pid=1 uid=0 auid=4294967295 ses=4294967295 subj=system_u:system_r:init_t:s0 msg='unit=fprintd comm="systemd" exe="/usr/lib/systemd/systemd" hostname=? addr=? terminal=? res=success'
type=SERVICE_START msg=audit(1517805405.446:326): pid=1 uid=0 auid=4294967295 ses=4294967295 subj=system_u:system_r:init_t:s0 msg='unit=systemd-tmpfiles-clean comm="systemd" exe="/usr/lib/systemd/systemd" hostname=? addr=? terminal=? res=success'
type=SERVICE_STOP msg=audit(1517805405.446:327): pid=1 uid=0 auid=4294967295 ses=4294967295 subj=system_u:system_r:init_t:s0 msg='unit=systemd-tmpfiles-clean comm="systemd" exe="/usr/lib/systemd/systemd" hostname=? addr=? terminal=? res=success'
type=USER_CMD msg=audit(1518757321.940:315): pid=3479 uid=1000 auid=1000 ses=4 subj=unconfined_u:unconfined_r:unconfined_t:s0-s0:c0.c1023 msg='cwd="/home/vallery" cmd=636174202F7661722F6C6F672F61756469742F61756469742E6C6F67 terminal=pts/0 res=success'
Oh hey I >>'d in a line
type=USER_ACCT msg=audit(1521086662.522:286): pid=1736 uid=0 auid=4294967295 ses=4294967295 subj=system_u:system_r:xdm_t:s0-s0:c0.c1023 msg='op=PAM:accounting grantors=pam_unix,pam_localuser acct="vallery" exe="/usr/libexec/gdm-session-worker" hostname=blackbox addr=? terminal=/dev/tty1 res=success'
type=CRED_ACQ msg=audit(1521086662.522:287): pid=1736 uid=0 auid=4294967295 ses=4294967295 subj=system_u:system_r:xdm_t:s0-s0:c0.c1023 msg='op=PAM:setcred grantors=pam_unix,pam_gnome_keyring,pam_ecryptfs acct="vallery" exe="/usr/libexec/gdm-session-worker" hostname=blackbox addr=? terminal=/dev/tty1 res=success'
type=LOGIN msg=audit(1521086662.526:288): pid=1736 uid=0 subj=system_u:system_r:xdm_t:s0-s0:c0.c1023 old-auid=4294967295 auid=1000 tty=(none) old-ses=4294967295 ses=3 res=1
type=USER_ROLE_CHANGE msg=audit(1521086662.549:289): pid=1736 uid=0 auid=1000 ses=3 subj=system_u:system_r:xdm_t:s0-s0:c0.c1023 msg='pam: default-context=unconfined_u:unconfined_r:unconfined_t:s0-s0:c0.c1023 selected-context=unconfined_u:unconfined_r:unconfined_t:s0-s0:c0.c1023 exe="/usr/libexec/gdm-session-worker" hostname=blackbox addr=? terminal=/dev/tty2 res=success'
type=USER_ACCT msg=audit(1521086662.582:290): pid=1748 uid=0 auid=4294967295 ses=4294967295 subj=system_u:system_r:init_t:s0 msg='op=PAM:accounting grantors=pam_unix,pam_localuser acct="vallery" exe="/usr/lib/systemd/systemd" hostname=? addr=? terminal=? res=success'
type=USER_ROLE_CHANGE msg=audit(1521086662.599:291): pid=1748 uid=0 auid=4294967295 ses=4294967295 subj=system_u:system_r:init_t:s0 msg='pam: default-context=unconfined_u:unconfined_r:unconfined_t:s0-s0:c0.c1023 selected-context=unconfined_u:unconfined_r:unconfined_t:s0-s0:c0.c1023 exe="/usr/lib/systemd/systemd" hostname=? addr=? terminal=? res=success'
type=LOGIN msg=audit(1521086662.600:292): pid=1748 uid=0 subj=system_u:system_r:init_t:s0 old-auid=4294967295 auid=1000 tty=(none) old-ses=4294967295 ses=4 res=1
type=USER_START msg=audit(1521086662.600:293): pid=1748 uid=0 auid=1000 ses=4 subj=system_u:system_r:init_t:s0 msg='op=PAM:session_open grantors=pam_selinux,pam_selinux,pam_loginuid,pam_keyinit,pam_limits,pam_systemd,pam_unix acct="vallery" exe="/usr/lib/systemd/systemd" hostname=? addr=? terminal=? res=success'
type=SERVICE_START msg=audit(1521086662.627:294): pid=1 uid=0 auid=4294967295 ses=4294967295 subj=system_u:system_r:init_t:s0 msg='unit=user@1000 comm="systemd" exe="/usr/lib/systemd/systemd" hostname=? addr=? terminal=? res=success'
type=USER_START msg=audit(1521086662.640:295): pid=1736 uid=0 auid=1000 ses=3 subj=system_u:system_r:xdm_t:s0-s0:c0.c1023 msg='op=PAM:session_open grantors=pam_selinux,pam_loginuid,pam_selinux,pam_keyinit,pam_namespace,pam_keyinit,pam_limits,pam_systemd,pam_unix,pam_gnome_keyring,pam_ecryptfs acct="vallery" exe="/usr/libexec/gdm-session-worker" hostname=blackbox addr=? terminal=/dev/tty2 res=success'
type=USER_LOGIN msg=audit(1521086662.640:296): pid=1736 uid=0 auid=1000 ses=3 subj=system_u:system_r:xdm_t:s0-s0:c0.c1023 msg='uid=1000 exe="/usr/libexec/gdm-session-worker" hostname=? addr=? terminal=? res=success'
type=SERVICE_START msg=audit(1521086667.327:297): pid=1 uid=0 auid=4294967295 ses=4294967295 subj=system_u:system_r:init_t:s0 msg='unit=geoclue comm="systemd" exe="/usr/lib/systemd/systemd" hostname=? addr=? terminal=? res=success'
type=SERVICE_START msg=audit(1521086667.595:298): pid=1 uid=0 auid=4294967295 ses=4294967295 subj=system_u:system_r:init_t:s0 msg='unit=udisks2 comm="systemd" exe="/usr/lib/systemd/systemd" hostname=? addr=? terminal=? res=success'
type=SERVICE_START msg=audit(1521086667.862:299): pid=1 uid=0 auid=4294967295 ses=4294967295 subj=system_u:system_r:init_t:s0 msg='unit=cups comm="systemd" exe="/usr/lib/systemd/systemd" hostname=? addr=? terminal=? res=success'
type=SERVICE_START msg=audit(1521086667.995:300): pid=1 uid=0 auid=4294967295 ses=4294967295 subj=system_u:system_r:init_t:s0 msg='unit=systemd-hostnamed comm="systemd" exe="/usr/lib/systemd/systemd" hostname=? addr=? terminal=? res=success'
type=SERVICE_START msg=audit(1521086668.169:301): pid=1 uid=0 auid=4294967295 ses=4294967295 subj=system_u:system_r:init_t:s0 msg='unit=timedatex comm="systemd" exe="/usr/lib/systemd/systemd" hostname=? addr=? terminal=? res=success'

type=SERVICE_START msg=audit(1521086668.207:302): pid=1 uid=0 auid=4294967295 ses=4294967295 subj=system_u:system_r:init_t:s0 msg='unit=systemd-localed comm="systemd" exe="/usr/lib/systemd/systemd" hostname=? addr=? terminal=? res=success'
type=SERVICE_START msg=audit(1521086670.070:303): pid=1 uid=0 auid=4294967295 ses=4294967295 subj=system_u:system_r:init_t:s0 msg='unit=fwupd comm="systemd" exe="/usr/lib/systemd/systemd" hostname=? addr=? terminal=? res=success'
type=SERVICE_STOP msg=audit(1521086691.043:304): pid=1 uid=0 auid=4294967295 ses=4294967295 subj=system_u:system_r:init_t:s0 msg='unit=fprintd comm="systemd" exe="/usr/lib/systemd/systemd" hostname=? addr=? terminal=? res=success'
type=SERVICE_STOP msg=audit(1521086698.198:305): pid=1 uid=0 auid=4294967295 ses=4294967295 subj=system_u:system_r:init_t:s0 msg='unit=timedatex comm="systemd" exe="/usr/lib/systemd/systemd" hostname=? addr=? terminal=? res=success'
type=SERVICE_STOP msg=audit(1521086698.724:306): pid=1 uid=0 auid=4294967295 ses=4294967295 subj=system_u:system_r:init_t:s0 msg='unit=systemd-hostnamed comm="systemd" exe="/usr/lib/systemd/systemd" hostname=? addr=? terminal=? res=success'
type=SERVICE_STOP msg=audit(1521086699.394:307): pid=1 uid=0 auid=4294967295 ses=4294967295 subj=system_u:system_r:init_t:s0 msg='unit=systemd-localed comm="systemd" exe="/usr/lib/systemd/systemd" hostname=? addr=? terminal=? res=success'
type=SERVICE_START msg=audit(1521086969.224:308): pid=1 uid=0 auid=4294967295 ses=4294967295 subj=system_u:system_r:init_t:s0 msg='unit=systemd-hostnamed comm="systemd" exe="/usr/lib/systemd/systemd" hostname=? addr=? terminal=? res=success'
type=SERVICE_STOP msg=audit(1521086999.283:309): pid=1 uid=0 auid=4294967295 ses=4294967295 subj=system_u:system_r:init_t:s0 msg='unit=systemd-hostnamed comm="systemd" exe="/usr/lib/systemd/systemd" hostname=? addr=? terminal=? res=success'
type=SERVICE_START msg=audit(1521087166.043:310): pid=1 uid=0 auid=4294967295 ses=4294967295 subj=system_u:system_r:init_t:s0 msg='unit=dnf-makecache comm="systemd" exe="/usr/lib/systemd/systemd" hostname=? addr=? terminal=? res=success'
type=SERVICE_STOP msg=audit(1521087166.043:311): pid=1 uid=0 auid=4294967295 ses=4294967295 subj=system_u:system_r:init_t:s0 msg='unit=dnf-makecache comm="systemd" exe="/usr/lib/systemd/systemd" hostname=? addr=? terminal=? res=success'
type=SERVICE_START msg=audit(1521087449.855:312): pid=1 uid=0 auid=4294967295 ses=4294967295 subj=system_u:system_r:init_t:s0 msg='unit=systemd-tmpfiles-clean comm="systemd" exe="/usr/lib/systemd/systemd" hostname=? addr=? terminal=? res=success'
type=SERVICE_STOP msg=audit(1521087449.855:313): pid=1 uid=0 auid=4294967295 ses=4294967295 subj=system_u:system_r:init_t:s0 msg='unit=systemd-tmpfiles-clean comm="systemd" exe="/usr/lib/systemd/systemd" hostname=? addr=? terminal=? res=success'
type=SERVICE_START msg=audit(1521089423.447:314): pid=1 uid=0 auid=4294967295 ses=4294967295 subj=system_u:system_r:init_t:s0 msg='unit=fprintd comm="systemd" exe="/usr/lib/systemd/systemd" hostname=? addr=? terminal=? res=success'
type=USER_AUTH msg=audit(1521089425.938:315): pid=5700 uid=1000 auid=1000 ses=4 subj=unconfined_u:unconfined_r:unconfined_t:s0-s0:c0.c1023 msg='op=PAM:authentication grantors=pam_unix acct="vallery" exe="/usr/bin/sudo" hostname=? addr=? terminal=/dev/pts/1 res=success'
type=USER_ACCT msg=audit(1521089425.942:316): pid=5700 uid=1000 auid=1000 ses=4 subj=unconfined_u:unconfined_r:unconfined_t:s0-s0:c0.c1023 msg='op=PAM:accounting grantors=pam_unix,pam_localuser acct="vallery" exe="/usr/bin/sudo" hostname=? addr=? terminal=/dev/pts/1 res=success'
type=USER_CMD msg=audit(1521089425.943:317): pid=5700 uid=1000 auid=1000 ses=4 subj=unconfined_u:unconfined_r:unconfined_t:s0-s0:c0.c1023 msg='cwd="/home/vallery" cmd=636174202F7661722F6C6F672F61756469742F61756469742E6C6F67 terminal=pts/1 res=success'
type=CRED_REFR msg=audit(1521089425.943:318): pid=5700 uid=0 auid=1000 ses=4 subj=unconfined_u:unconfined_r:unconfined_t:s0-s0:c0.c1023 msg='op=PAM:setcred grantors=pam_unix acct="root" exe="/usr/bin/sudo" hostname=? addr=? terminal=/dev/pts/1 res=success'
type=USER_START msg=audit(1521089425.947:319): pid=5700 uid=0 auid=1000 ses=4 subj=unconfined_u:unconfined_r:unconfined_t:s0-s0:c0.c1023 msg='op=PAM:session_open grantors=pam_keyinit,pam_limits,pam_keyinit,pam_limits,pam_systemd,pam_unix acct="root" exe="/usr/bin/sudo" hostname=? addr=? terminal=/dev/pts/1 res=success'
